mode: set
supermaple.cool/maple_mobile_server/patterns/commands.go:9.37,11.19 1 0
supermaple.cool/maple_mobile_server/patterns/commands.go:11.19,13.4 1 0
supermaple.cool/maple_mobile_server/patterns/commands.go:15.16,17.4 1 0
supermaple.cool/maple_mobile_server/patterns/commands.go:30.14,36.6 3 0
supermaple.cool/maple_mobile_server/patterns/commands.go:36.6,39.15 3 0
supermaple.cool/maple_mobile_server/patterns/commands.go:40.12,42.9 2 0
supermaple.cool/maple_mobile_server/patterns/commands.go:43.12,45.9 2 0
supermaple.cool/maple_mobile_server/patterns/commands.go:46.11,47.45 1 0
supermaple.cool/maple_mobile_server/patterns/profile.go:10.26,12.2 1 0
supermaple.cool/maple_mobile_server/patterns/profile.go:19.39,26.2 4 0
supermaple.cool/maple_mobile_server/patterns/profile.go:28.50,35.2 4 0
supermaple.cool/maple_mobile_server/patterns/profile.go:37.47,42.2 1 0
supermaple.cool/maple_mobile_server/patterns/profile.go:44.42,46.25 2 0
supermaple.cool/maple_mobile_server/patterns/profile.go:52.2,52.15 1 0
supermaple.cool/maple_mobile_server/patterns/profile.go:46.25,47.32 1 0
supermaple.cool/maple_mobile_server/patterns/profile.go:47.32,49.4 1 0
supermaple.cool/maple_mobile_server/patterns/profile.go:55.40,58.24 3 0
supermaple.cool/maple_mobile_server/patterns/profile.go:58.24,59.15 1 0
supermaple.cool/maple_mobile_server/patterns/profile.go:59.15,61.4 1 0
supermaple.cool/maple_mobile_server/patterns/profile.go:65.40,66.25 1 0
supermaple.cool/maple_mobile_server/patterns/profile.go:66.25,77.3 9 0
supermaple.cool/maple_mobile_server/patterns/profile.go:80.48,82.25 2 0
supermaple.cool/maple_mobile_server/patterns/profile.go:82.25,102.3 17 0
supermaple.cool/maple_mobile_server/patterns/profile.go:105.38,107.26 2 0
supermaple.cool/maple_mobile_server/patterns/profile.go:110.2,112.27 3 0
supermaple.cool/maple_mobile_server/patterns/profile.go:107.26,109.3 1 0
supermaple.cool/maple_mobile_server/patterns/profile.go:112.27,114.3 1 0
supermaple.cool/maple_mobile_server/patterns/profile.go:117.46,119.26 2 0
supermaple.cool/maple_mobile_server/patterns/profile.go:122.2,124.27 3 0
supermaple.cool/maple_mobile_server/patterns/profile.go:119.26,121.3 1 0
supermaple.cool/maple_mobile_server/patterns/profile.go:124.27,126.3 1 0
